<?xml version="1.0" encoding="UTF-8"?>
<!-- Generated by org.testng.reporters.JUnitXMLReporter -->
<testsuite hostname="AIPL6536LT14331" ignored="0" name="Test" tests="8" failures="0" timestamp="2023-06-15T10:46:05 IST" time="45.438" errors="0">
  <testcase name="verifyLoginWithoutProvidingCredentials" time="0.343" classname="com.tutorialsninja.testCases.LogintoTest"/>
  <testcase name="verifyLoginWithInvalidCrendentials" time="0.435" classname="com.tutorialsninja.testCases.LogintoTest"/>
  <testcase name="verifyLoginWithValidCredentials" time="0.791" classname="com.tutorialsninja.testCases.LogintoTest"/>
  <testcase name="verifyRegisteringAccountWithExistingAccount" time="0.676" classname="com.tutorialsninja.testCases.RegistertoTest"/>
  <testcase name="verifyRegisteringWithAllFields" time="0.576" classname="com.tutorialsninja.testCases.RegistertoTest"/>
  <testcase name="verifyRegisteringWithMandatoryFields" time="0.604" classname="com.tutorialsninja.testCases.RegistertoTest"/>
  <testcase name="verifyRegisteringWithoutFillinganyDetails" time="0.406" classname="com.tutorialsninja.testCases.RegistertoTest"/>
  <testcase name="verifySearchWithValidProduct" time="0.696" classname="com.tutorialsninja.testCases.SearchTest"/>
</testsuite> <!-- Test -->
