<?xml version="1.0" encoding="UTF-8"?>
<testng-results skipped="0" failed="0" ignored="0" total="8" passed="8">
  <reporter-output>
  </reporter-output>
  <suite name="Suite" duration-ms="45438" started-at="2023-06-15T10:45:20 IST" finished-at="2023-06-15T10:46:05 IST">
    <groups>
    </groups>
    <test name="Test" duration-ms="45438" started-at="2023-06-15T10:45:20 IST" finished-at="2023-06-15T10:46:05 IST">
      <class name="com.tutorialsninja.testCases.LogintoTest">
        <test-method status="PASS" signature="setUp()[pri:0, instance:com.tutorialsninja.testCases.LogintoTest@24b1d79b]" name="setUp" is-config="true" duration-ms="8116" started-at="2023-06-15T10:45:20 IST" finished-at="2023-06-15T10:45:28 IST">
          <reporter-output>
          </reporter-output>
        </test-method> <!-- setUp -->
        <test-method status="PASS" signature="verifyLoginWithoutProvidingCredentials()[pri:1, instance:com.tutorialsninja.testCases.LogintoTest@24b1d79b]" name="verifyLoginWithoutProvidingCredentials" duration-ms="343" started-at="2023-06-15T10:45:28 IST" finished-at="2023-06-15T10:45:28 IST">
          <reporter-output>
          </reporter-output>
        </test-method> <!-- verifyLoginWithoutProvidingCredentials -->
        <test-method status="PASS" signature="tearDown()[pri:0, instance:com.tutorialsninja.testCases.LogintoTest@24b1d79b]" name="tearDown" is-config="true" duration-ms="1182" started-at="2023-06-15T10:45:28 IST" finished-at="2023-06-15T10:45:30 IST">
          <reporter-output>
          </reporter-output>
        </test-method> <!-- tearDown -->
        <test-method status="PASS" signature="setUp()[pri:0, instance:com.tutorialsninja.testCases.LogintoTest@24b1d79b]" name="setUp" is-config="true" duration-ms="3249" started-at="2023-06-15T10:45:30 IST" finished-at="2023-06-15T10:45:33 IST">
          <reporter-output>
          </reporter-output>
        </test-method> <!-- setUp -->
        <test-method status="PASS" signature="verifyLoginWithInvalidCrendentials()[pri:2, instance:com.tutorialsninja.testCases.LogintoTest@24b1d79b]" name="verifyLoginWithInvalidCrendentials" duration-ms="435" started-at="2023-06-15T10:45:33 IST" finished-at="2023-06-15T10:45:33 IST">
          <reporter-output>
          </reporter-output>
        </test-method> <!-- verifyLoginWithInvalidCrendentials -->
        <test-method status="PASS" signature="tearDown()[pri:0, instance:com.tutorialsninja.testCases.LogintoTest@24b1d79b]" name="tearDown" is-config="true" duration-ms="1073" started-at="2023-06-15T10:45:33 IST" finished-at="2023-06-15T10:45:34 IST">
          <reporter-output>
          </reporter-output>
        </test-method> <!-- tearDown -->
        <test-method status="PASS" signature="setUp()[pri:0, instance:com.tutorialsninja.testCases.LogintoTest@24b1d79b]" name="setUp" is-config="true" duration-ms="3161" started-at="2023-06-15T10:45:35 IST" finished-at="2023-06-15T10:45:38 IST">
          <reporter-output>
          </reporter-output>
        </test-method> <!-- setUp -->
        <test-method status="PASS" signature="verifyLoginWithValidCredentials(java.lang.String,java.lang.String)[pri:3, instance:com.tutorialsninja.testCases.LogintoTest@24b1d79b]" name="verifyLoginWithValidCredentials" duration-ms="791" started-at="2023-06-15T10:45:38 IST" data-provider="supplyTestData" finished-at="2023-06-15T10:45:39 IST">
          <params>
            <param index="0">
              <value>
                <![CDATA[madhavi43it@gmail.com]]>
              </value>
            </param>
            <param index="1">
              <value>
                <![CDATA[123456789]]>
              </value>
            </param>
          </params>
          <reporter-output>
          </reporter-output>
        </test-method> <!-- verifyLoginWithValidCredentials -->
        <test-method status="PASS" signature="tearDown()[pri:0, instance:com.tutorialsninja.testCases.LogintoTest@24b1d79b]" name="tearDown" is-config="true" duration-ms="1116" started-at="2023-06-15T10:45:39 IST" finished-at="2023-06-15T10:45:40 IST">
          <reporter-output>
          </reporter-output>
        </test-method> <!-- tearDown -->
      </class> <!-- com.tutorialsninja.testCases.LogintoTest -->
      <class name="com.tutorialsninja.testCases.RegistertoTest">
        <test-method status="PASS" signature="setUp()[pri:0, instance:com.tutorialsninja.testCases.RegistertoTest@4f51b3e0]" name="setUp" is-config="true" duration-ms="4488" started-at="2023-06-15T10:45:40 IST" finished-at="2023-06-15T10:45:45 IST">
          <reporter-output>
          </reporter-output>
        </test-method> <!-- setUp -->
        <test-method status="PASS" signature="verifyRegisteringAccountWithExistingAccount()[pri:0, instance:com.tutorialsninja.testCases.RegistertoTest@4f51b3e0]" name="verifyRegisteringAccountWithExistingAccount" duration-ms="676" started-at="2023-06-15T10:45:45 IST" finished-at="2023-06-15T10:45:45 IST">
          <reporter-output>
          </reporter-output>
        </test-method> <!-- verifyRegisteringAccountWithExistingAccount -->
        <test-method status="PASS" signature="tearDown()[pri:0, instance:com.tutorialsninja.testCases.RegistertoTest@4f51b3e0]" name="tearDown" is-config="true" duration-ms="1039" started-at="2023-06-15T10:45:45 IST" finished-at="2023-06-15T10:45:47 IST">
          <reporter-output>
          </reporter-output>
        </test-method> <!-- tearDown -->
        <test-method status="PASS" signature="setUp()[pri:0, instance:com.tutorialsninja.testCases.RegistertoTest@4f51b3e0]" name="setUp" is-config="true" duration-ms="3147" started-at="2023-06-15T10:45:47 IST" finished-at="2023-06-15T10:45:50 IST">
          <reporter-output>
          </reporter-output>
        </test-method> <!-- setUp -->
        <test-method status="PASS" signature="verifyRegisteringWithAllFields()[pri:0, instance:com.tutorialsninja.testCases.RegistertoTest@4f51b3e0]" name="verifyRegisteringWithAllFields" duration-ms="576" started-at="2023-06-15T10:45:50 IST" finished-at="2023-06-15T10:45:50 IST">
          <reporter-output>
          </reporter-output>
        </test-method> <!-- verifyRegisteringWithAllFields -->
        <test-method status="PASS" signature="tearDown()[pri:0, instance:com.tutorialsninja.testCases.RegistertoTest@4f51b3e0]" name="tearDown" is-config="true" duration-ms="1020" started-at="2023-06-15T10:45:50 IST" finished-at="2023-06-15T10:45:51 IST">
          <reporter-output>
          </reporter-output>
        </test-method> <!-- tearDown -->
        <test-method status="PASS" signature="setUp()[pri:0, instance:com.tutorialsninja.testCases.RegistertoTest@4f51b3e0]" name="setUp" is-config="true" duration-ms="3056" started-at="2023-06-15T10:45:51 IST" finished-at="2023-06-15T10:45:54 IST">
          <reporter-output>
          </reporter-output>
        </test-method> <!-- setUp -->
        <test-method status="PASS" signature="verifyRegisteringWithMandatoryFields()[pri:0, instance:com.tutorialsninja.testCases.RegistertoTest@4f51b3e0]" name="verifyRegisteringWithMandatoryFields" duration-ms="604" started-at="2023-06-15T10:45:54 IST" finished-at="2023-06-15T10:45:55 IST">
          <reporter-output>
          </reporter-output>
        </test-method> <!-- verifyRegisteringWithMandatoryFields -->
        <test-method status="PASS" signature="tearDown()[pri:0, instance:com.tutorialsninja.testCases.RegistertoTest@4f51b3e0]" name="tearDown" is-config="true" duration-ms="1005" started-at="2023-06-15T10:45:55 IST" finished-at="2023-06-15T10:45:56 IST">
          <reporter-output>
          </reporter-output>
        </test-method> <!-- tearDown -->
        <test-method status="PASS" signature="setUp()[pri:0, instance:com.tutorialsninja.testCases.RegistertoTest@4f51b3e0]" name="setUp" is-config="true" duration-ms="3146" started-at="2023-06-15T10:45:56 IST" finished-at="2023-06-15T10:45:59 IST">
          <reporter-output>
          </reporter-output>
        </test-method> <!-- setUp -->
        <test-method status="PASS" signature="verifyRegisteringWithoutFillinganyDetails()[pri:0, instance:com.tutorialsninja.testCases.RegistertoTest@4f51b3e0]" name="verifyRegisteringWithoutFillinganyDetails" duration-ms="406" started-at="2023-06-15T10:45:59 IST" finished-at="2023-06-15T10:45:59 IST">
          <reporter-output>
          </reporter-output>
        </test-method> <!-- verifyRegisteringWithoutFillinganyDetails -->
        <test-method status="PASS" signature="tearDown()[pri:0, instance:com.tutorialsninja.testCases.RegistertoTest@4f51b3e0]" name="tearDown" is-config="true" duration-ms="1011" started-at="2023-06-15T10:45:59 IST" finished-at="2023-06-15T10:46:00 IST">
          <reporter-output>
          </reporter-output>
        </test-method> <!-- tearDown -->
      </class> <!-- com.tutorialsninja.testCases.RegistertoTest -->
      <class name="com.tutorialsninja.testCases.SearchTest">
        <test-method status="PASS" signature="setUp()[pri:0, instance:com.tutorialsninja.testCases.SearchTest@5e57643e]" name="setUp" is-config="true" duration-ms="2897" started-at="2023-06-15T10:46:00 IST" finished-at="2023-06-15T10:46:03 IST">
          <reporter-output>
          </reporter-output>
        </test-method> <!-- setUp -->
        <test-method status="PASS" signature="verifySearchWithValidProduct()[pri:0, instance:com.tutorialsninja.testCases.SearchTest@5e57643e]" name="verifySearchWithValidProduct" duration-ms="696" started-at="2023-06-15T10:46:03 IST" finished-at="2023-06-15T10:46:04 IST">
          <reporter-output>
          </reporter-output>
        </test-method> <!-- verifySearchWithValidProduct -->
        <test-method status="PASS" signature="tearDown()[pri:0, instance:com.tutorialsninja.testCases.SearchTest@5e57643e]" name="tearDown" is-config="true" duration-ms="1114" started-at="2023-06-15T10:46:04 IST" finished-at="2023-06-15T10:46:05 IST">
          <reporter-output>
          </reporter-output>
        </test-method> <!-- tearDown -->
      </class> <!-- com.tutorialsninja.testCases.SearchTest -->
    </test> <!-- Test -->
  </suite> <!-- Suite -->
</testng-results>
